[06-Jan-2018 09:12:10 UTC] PHP Deprecated:  __autoload() is deprecated, use spl_autoload_register() instead in /var/www/html/wp-includes/compat.php on line 502
[06-Jan-2018 09:12:11 UTC] PHP Deprecated:  Function create_function() is deprecated in /var/www/html/wp-includes/pomo/translations.php on line 208
[06-Jan-2018 09:12:11 UTC] 들어옴
[06-Jan-2018 09:12:11 UTC] PHP Deprecated:  Function create_function() is deprecated in /var/www/html/wp-includes/pomo/translations.php on line 208
[06-Jan-2018 09:12:11 UTC] PHP Notice:  Undefined index: WPOA in /var/www/html/wp-content/plugins/wp-oauth/wp-oauth.php on line 306
[06-Jan-2018 09:12:11 UTC] PHP Notice:  Undefined index: WPOA in /var/www/html/wp-content/plugins/wp-oauth/wp-oauth.php on line 546
[06-Jan-2018 09:12:16 UTC] PHP Deprecated:  Function create_function() is deprecated in /var/www/html/wp-includes/pomo/translations.php on line 208
[06-Jan-2018 09:12:16 UTC] PHP Deprecated:  Function create_function() is deprecated in /var/www/html/wp-includes/pomo/translations.php on line 208
[06-Jan-2018 09:12:30 UTC] PHP Deprecated:  Function create_function() is deprecated in /var/www/html/wp-includes/pomo/translations.php on line 208
[06-Jan-2018 09:12:30 UTC] PHP Deprecated:  Function create_function() is deprecated in /var/www/html/wp-includes/pomo/translations.php on line 208
[06-Jan-2018 09:12:41 UTC] PHP Deprecated:  Function create_function() is deprecated in /var/www/html/wp-includes/pomo/translations.php on line 208
[06-Jan-2018 09:12:41 UTC] PHP Deprecated:  Function create_function() is deprecated in /var/www/html/wp-includes/pomo/translations.php on line 208
[06-Jan-2018 09:12:42 UTC] WP_Community_Events::maybe_log_events_response: Valid response received. Details: {"api_url":"https:\/\/api.wordpress.org\/events\/1.0\/","request_args":{"body":{"number":5,"ip":"172.19.0.0","locale":"ko_KR","timezone":"Asia\/Seoul"}},"response_code":200,"response_body":{"location":{"ip":"61.34.132.202"},"events":"0 events trimmed."}}
[06-Jan-2018 09:12:42 UTC] PHP Deprecated:  Function create_function() is deprecated in /var/www/html/wp-includes/pomo/translations.php on line 208
[06-Jan-2018 09:12:42 UTC] PHP Deprecated:  Function create_function() is deprecated in /var/www/html/wp-includes/pomo/translations.php on line 208
[06-Jan-2018 09:12:50 UTC] PHP Deprecated:  Function create_function() is deprecated in /var/www/html/wp-includes/pomo/translations.php on line 208
[06-Jan-2018 09:12:50 UTC] PHP Deprecated:  Function create_function() is deprecated in /var/www/html/wp-includes/pomo/translations.php on line 208
[06-Jan-2018 09:12:51 UTC] PHP Deprecated:  Function create_function() is deprecated in /var/www/html/wp-includes/pomo/translations.php on line 208
[06-Jan-2018 09:12:52 UTC] PHP Deprecated:  Function create_function() is deprecated in /var/www/html/wp-includes/pomo/translations.php on line 208
[06-Jan-2018 09:12:52 UTC] PHP Deprecated:  Function create_function() is deprecated in /var/www/html/wp-includes/pomo/translations.php on line 208
[03-Mar-2018 10:42:41 UTC] PHP Deprecated:  __autoload() is deprecated, use spl_autoload_register() instead in /var/www/html/wp-includes/compat.php on line 502
[03-Mar-2018 10:42:41 UTC] PHP Deprecated:  Function create_function() is deprecated in /var/www/html/wp-includes/pomo/translations.php on line 208
[03-Mar-2018 10:42:42 UTC] PHP Deprecated:  Function create_function() is deprecated in /var/www/html/wp-includes/pomo/translations.php on line 208
[03-Mar-2018 10:42:42 UTC] PHP Deprecated:  Function create_function() is deprecated in /var/www/html/wp-includes/pomo/translations.php on line 208
[03-Mar-2018 10:47:28 UTC] PHP Deprecated:  __autoload() is deprecated, use spl_autoload_register() instead in /var/www/html/wp-includes/compat.php on line 502
[03-Mar-2018 10:47:30 UTC] PHP Deprecated:  Function create_function() is deprecated in /var/www/html/wp-includes/pomo/translations.php on line 208
[03-Mar-2018 10:47:30 UTC] PHP Deprecated:  Function create_function() is deprecated in /var/www/html/wp-includes/pomo/translations.php on line 208
[03-Mar-2018 12:08:54 UTC] PHP Deprecated:  __autoload() is deprecated, use spl_autoload_register() instead in /var/www/html/wp-includes/compat.php on line 502
[03-Mar-2018 12:08:55 UTC] PHP Deprecated:  Function create_function() is deprecated in /var/www/html/wp-includes/pomo/translations.php on line 208
[03-Mar-2018 12:08:55 UTC] PHP Deprecated:  Function create_function() is deprecated in /var/www/html/wp-includes/pomo/translations.php on line 208
[03-Mar-2018 12:08:55 UTC] PHP Deprecated:  Function create_function() is deprecated in /var/www/html/wp-includes/pomo/translations.php on line 208
[03-Mar-2018 12:08:55 UTC] PHP Deprecated:  Function create_function() is deprecated in /var/www/html/wp-includes/pomo/translations.php on line 208
[03-Mar-2018 12:08:55 UTC] PHP Deprecated:  Function create_function() is deprecated in /var/www/html/wp-includes/pomo/translations.php on line 208
[03-Mar-2018 12:09:34 UTC] PHP Deprecated:  Function create_function() is deprecated in /var/www/html/wp-includes/pomo/translations.php on line 208
[03-Mar-2018 12:09:34 UTC] PHP Deprecated:  Function create_function() is deprecated in /var/www/html/wp-includes/pomo/translations.php on line 208
[03-Mar-2018 12:09:34 UTC] PHP Deprecated:  Function create_function() is deprecated in /var/www/html/wp-includes/pomo/translations.php on line 208
[03-Mar-2018 12:09:34 UTC] PHP Deprecated:  Function create_function() is deprecated in /var/www/html/wp-includes/pomo/translations.php on line 208
[03-Mar-2018 12:09:34 UTC] PHP Deprecated:  Function create_function() is deprecated in /var/www/html/wp-includes/pomo/translations.php on line 208
[03-Mar-2018 12:10:25 UTC] PHP Deprecated:  __autoload() is deprecated, use spl_autoload_register() instead in /var/www/html/wp-includes/compat.php on line 502
[03-Mar-2018 12:10:26 UTC] PHP Deprecated:  Function create_function() is deprecated in /var/www/html/wp-includes/pomo/translations.php on line 208
[03-Mar-2018 12:10:26 UTC] PHP Deprecated:  Function create_function() is deprecated in /var/www/html/wp-includes/pomo/translations.php on line 208
[03-Mar-2018 12:10:26 UTC] PHP Deprecated:  Function create_function() is deprecated in /var/www/html/wp-includes/pomo/translations.php on line 208
[03-Mar-2018 12:10:26 UTC] PHP Deprecated:  Function create_function() is deprecated in /var/www/html/wp-includes/pomo/translations.php on line 208
[03-Mar-2018 12:10:26 UTC] PHP Deprecated:  Function create_function() is deprecated in /var/www/html/wp-includes/pomo/translations.php on line 208
[03-Mar-2018 12:10:58 UTC] PHP Deprecated:  __autoload() is deprecated, use spl_autoload_register() instead in /var/www/html/wp-includes/compat.php on line 502
[03-Mar-2018 12:10:59 UTC] PHP Deprecated:  Function create_function() is deprecated in /var/www/html/wp-includes/pomo/translations.php on line 208
[03-Mar-2018 12:10:59 UTC] PHP Deprecated:  Function create_function() is deprecated in /var/www/html/wp-includes/pomo/translations.php on line 208
[03-Mar-2018 12:10:59 UTC] PHP Deprecated:  Function create_function() is deprecated in /var/www/html/wp-includes/pomo/translations.php on line 208
[03-Mar-2018 12:11:47 UTC] PHP Deprecated:  __autoload() is deprecated, use spl_autoload_register() instead in /var/www/html/wp-includes/compat.php on line 502
[03-Mar-2018 12:11:47 UTC] PHP Deprecated:  Function create_function() is deprecated in /var/www/html/wp-includes/pomo/translations.php on line 208
[03-Mar-2018 12:11:47 UTC] PHP Deprecated:  Function create_function() is deprecated in /var/www/html/wp-includes/pomo/translations.php on line 208
[03-Mar-2018 12:11:47 UTC] PHP Deprecated:  Function create_function() is deprecated in /var/www/html/wp-includes/pomo/translations.php on line 208
[03-Mar-2018 12:11:48 UTC] PHP Deprecated:  Function create_function() is deprecated in /var/www/html/wp-includes/pomo/translations.php on line 208
[03-Mar-2018 12:11:48 UTC] PHP Deprecated:  Function create_function() is deprecated in /var/www/html/wp-includes/pomo/translations.php on line 208
[03-Mar-2018 12:12:03 UTC] PHP Deprecated:  Function create_function() is deprecated in /var/www/html/wp-includes/pomo/translations.php on line 208
[03-Mar-2018 12:12:03 UTC] PHP Deprecated:  Function create_function() is deprecated in /var/www/html/wp-includes/pomo/translations.php on line 208
[03-Mar-2018 12:12:03 UTC] PHP Deprecated:  Function create_function() is deprecated in /var/www/html/wp-includes/pomo/translations.php on line 208
[03-Mar-2018 12:12:03 UTC] PHP Deprecated:  Function create_function() is deprecated in /var/www/html/wp-includes/pomo/translations.php on line 208
[03-Mar-2018 12:12:03 UTC] PHP Deprecated:  Function create_function() is deprecated in /var/www/html/wp-includes/pomo/translations.php on line 208
[03-Mar-2018 12:12:05 UTC] PHP Deprecated:  Function create_function() is deprecated in /var/www/html/wp-includes/pomo/translations.php on line 208
[03-Mar-2018 12:12:05 UTC] PHP Deprecated:  Function create_function() is deprecated in /var/www/html/wp-includes/pomo/translations.php on line 208
[03-Mar-2018 12:12:14 UTC] PHP Deprecated:  Function create_function() is deprecated in /var/www/html/wp-includes/pomo/translations.php on line 208
[03-Mar-2018 12:12:14 UTC] PHP Deprecated:  Function create_function() is deprecated in /var/www/html/wp-includes/pomo/translations.php on line 208
[03-Mar-2018 12:12:14 UTC] PHP Deprecated:  Function create_function() is deprecated in /var/www/html/wp-includes/pomo/translations.php on line 208
[03-Mar-2018 12:12:14 UTC] PHP Deprecated:  Function create_function() is deprecated in /var/www/html/wp-includes/pomo/translations.php on line 208
[03-Mar-2018 12:12:14 UTC] PHP Deprecated:  Function create_function() is deprecated in /var/www/html/wp-includes/pomo/translations.php on line 208
[03-Mar-2018 12:12:19 UTC] PHP Deprecated:  Function create_function() is deprecated in /var/www/html/wp-includes/pomo/translations.php on line 208
[03-Mar-2018 12:12:19 UTC] PHP Deprecated:  Function create_function() is deprecated in /var/www/html/wp-includes/pomo/translations.php on line 208
[03-Mar-2018 12:12:19 UTC] PHP Deprecated:  Function create_function() is deprecated in /var/www/html/wp-includes/pomo/translations.php on line 208
[03-Mar-2018 12:12:19 UTC] PHP Deprecated:  Function create_function() is deprecated in /var/www/html/wp-includes/pomo/translations.php on line 208
[03-Mar-2018 12:12:19 UTC] PHP Deprecated:  Function create_function() is deprecated in /var/www/html/wp-includes/pomo/translations.php on line 208
[03-Mar-2018 12:12:19 UTC] PHP Deprecated:  Function create_function() is deprecated in /var/www/html/wp-includes/pomo/translations.php on line 208
[03-Mar-2018 12:12:19 UTC] PHP Deprecated:  Function create_function() is deprecated in /var/www/html/wp-includes/pomo/translations.php on line 208
[03-Mar-2018 12:12:19 UTC] PHP Deprecated:  Function create_function() is deprecated in /var/www/html/wp-includes/pomo/translations.php on line 208
[03-Mar-2018 12:12:19 UTC] PHP Deprecated:  Function create_function() is deprecated in /var/www/html/wp-includes/pomo/translations.php on line 208
[03-Mar-2018 12:12:19 UTC] PHP Deprecated:  Function create_function() is deprecated in /var/www/html/wp-includes/pomo/translations.php on line 208
[03-Mar-2018 12:12:19 UTC] PHP Deprecated:  Function create_function() is deprecated in /var/www/html/wp-includes/pomo/translations.php on line 208
[03-Mar-2018 12:12:19 UTC] PHP Deprecated:  Function create_function() is deprecated in /var/www/html/wp-includes/pomo/translations.php on line 208
[03-Mar-2018 12:12:20 UTC] WP_Community_Events::maybe_log_events_response: Valid response received. Details: {"api_url":"https:\/\/api.wordpress.org\/events\/1.0\/","request_args":{"body":{"number":5,"ip":"172.19.0.0","locale":"ko_KR","timezone":"Asia\/Seoul"}},"response_code":200,"response_body":{"location":{"ip":"210.113.127.199"},"events":"0 events trimmed."}}
[03-Mar-2018 12:12:24 UTC] PHP Deprecated:  Function create_function() is deprecated in /var/www/html/wp-includes/pomo/translations.php on line 208
[03-Mar-2018 12:12:24 UTC] PHP Deprecated:  Function create_function() is deprecated in /var/www/html/wp-includes/pomo/translations.php on line 208
[03-Mar-2018 12:12:24 UTC] PHP Deprecated:  Function create_function() is deprecated in /var/www/html/wp-includes/pomo/translations.php on line 208
[03-Mar-2018 12:12:26 UTC] PHP Deprecated:  Function create_function() is deprecated in /var/www/html/wp-includes/pomo/translations.php on line 208
[03-Mar-2018 12:12:26 UTC] PHP Deprecated:  Function create_function() is deprecated in /var/www/html/wp-includes/pomo/translations.php on line 208
[03-Mar-2018 12:12:26 UTC] PHP Deprecated:  Function create_function() is deprecated in /var/www/html/wp-includes/pomo/translations.php on line 208
